<?xml version="1.0" encoding="UTF-8"?>
<!-- Generated by org.testng.reporters.JUnitXMLReporter -->
<testsuite hostname="Admin" ignored="0" name="3300c56ca62d8309" tests="3" failures="1" timestamp="2022-10-01T17:59:02 ICT" time="0.128" errors="0">
  <testcase name="@AfterMethod captureScreenshot" time="0.002" classname="tests.BaseTest">
    <failure type="java.lang.IllegalArgumentException" message="Please provide hub ip address via env variable [hub]!">
      <![CDATA[java.lang.IllegalArgumentException: Please provide hub ip address via env variable [hub]!
at driver.DriverFactory.getDriver(DriverFactory.java:65)
at tests.BaseTest.getDriver(BaseTest.java:36)
at tests.BaseTest.captureScreenshot(BaseTest.java:79)
at java.util.ArrayList.forEach(Unknown Source)
at java.util.concurrent.FutureTask.run(Unknown Source)
at java.util.concurrent.ThreadPoolExecutor.runWorker(Unknown Source)
at java.util.concurrent.ThreadPoolExecutor$Worker.run(Unknown Source)
at java.lang.Thread.run(Unknown Source)
... Removed 23 stack frames]]>
    </failure>
  </testcase> <!-- @AfterMethod captureScreenshot -->
  <testcase name="@AfterMethod captureScreenshot" time="0.0" classname="tests.BaseTest">
    <skipped/>
  </testcase> <!-- @AfterMethod captureScreenshot -->
  <testcase name="@AfterMethod captureScreenshot" time="0.0" classname="tests.BaseTest">
    <skipped/>
  </testcase> <!-- @AfterMethod captureScreenshot -->
  <testcase name="testLogin" time="0.012" classname="tests.authen.LoginTestWithBaseTest">
    <failure type="java.lang.IllegalArgumentException" message="Please provide hub ip address via env variable [hub]!">
      <![CDATA[java.lang.IllegalArgumentException: Please provide hub ip address via env variable [hub]!
at driver.DriverFactory.getDriver(DriverFactory.java:65)
at tests.BaseTest.getDriver(BaseTest.java:36)
at tests.authen.LoginTestWithBaseTest.testLogin(LoginTestWithBaseTest.java:16)
at java.util.ArrayList.forEach(Unknown Source)
at java.util.concurrent.FutureTask.run(Unknown Source)
at java.util.concurrent.ThreadPoolExecutor.runWorker(Unknown Source)
at java.util.concurrent.ThreadPoolExecutor$Worker.run(Unknown Source)
at java.lang.Thread.run(Unknown Source)
... Removed 18 stack frames]]>
    </failure>
  </testcase> <!-- testLogin -->
  <testcase name="testLogin" time="0.0" classname="tests.authen.LoginTestWithBaseTest">
    <skipped/>
  </testcase> <!-- testLogin -->
  <testcase name="testLogin" time="0.0" classname="tests.authen.LoginTestWithBaseTest">
    <skipped/>
  </testcase> <!-- testLogin -->
</testsuite> <!-- 3300c56ca62d8309 -->
